======================================================================
🚀 Cogniware Core - Super Admin API Server
======================================================================
Features:
  • Complete licensing system
  • Customer & user management
  • Organization management
  • API key management
  • Usage tracking & analytics
  • System service control
  • Audit logging

Default Super Admin:
  Username: superadmin
  Password: Cogniware@2025
  ⚠️  CHANGE THIS PASSWORD IMMEDIATELY!

Starting server on http://0.0.0.0:8099
======================================================================
 * Serving Flask app 'api_server_admin'
 * Debug mode: on
[31m[1mWARNING: This is a development server. Do not use it in a production deployment. Use a production WSGI server instead.[0m
 * Running on all addresses (0.0.0.0)
 * Running on http://127.0.0.1:8099
 * Running on http://192.168.1.37:8099
[33mPress CTRL+C to quit[0m
 * Restarting with stat
 * Debugger is active!
 * Debugger PIN: 132-935-511
127.0.0.1 - - [21/Oct/2025 17:25:46] "GET /health HTTP/1.1" 200 -
 * Detected change in '/home/deadbrainviv/Documents/GitHub/cogniware-core/python/api_server_production.py', reloading
======================================================================
🚀 Cogniware Core - Super Admin API Server
======================================================================
Features:
  • Complete licensing system
  • Customer & user management
  • Organization management
  • API key management
  • Usage tracking & analytics
  • System service control
  • Audit logging

Default Super Admin:
  Username: superadmin
  Password: Cogniware@2025
  ⚠️  CHANGE THIS PASSWORD IMMEDIATELY!

Starting server on http://0.0.0.0:8099
======================================================================
 * Restarting with stat
 * Debugger is active!
 * Debugger PIN: 132-935-511
127.0.0.1 - - [21/Oct/2025 17:33:28] "[33mOPTIONS /auth/verify HTTP/1.1[0m" 404 -
127.0.0.1 - - [21/Oct/2025 17:47:10] "[33mOPTIONS /auth/verify HTTP/1.1[0m" 404 -
127.0.0.1 - - [21/Oct/2025 17:47:11] "[33mOPTIONS /auth/verify HTTP/1.1[0m" 404 -
127.0.0.1 - - [21/Oct/2025 17:47:12] "[33mOPTIONS /auth/verify HTTP/1.1[0m" 404 -
127.0.0.1 - - [21/Oct/2025 17:47:17] "[33mOPTIONS /auth/verify HTTP/1.1[0m" 404 -
 * Detected change in '/home/deadbrainviv/Documents/GitHub/cogniware-core/python/mcp_server.py', reloading
======================================================================
🚀 Cogniware Core - Super Admin API Server
======================================================================
Features:
  • Complete licensing system
  • Customer & user management
  • Organization management
  • API key management
  • Usage tracking & analytics
  • System service control
  • Audit logging

Default Super Admin:
  Username: superadmin
  Password: Cogniware@2025
  ⚠️  CHANGE THIS PASSWORD IMMEDIATELY!

Starting server on http://0.0.0.0:8099
======================================================================
 * Restarting with stat
 * Debugger is active!
 * Debugger PIN: 132-935-511
 * Detected change in '/home/deadbrainviv/Documents/GitHub/cogniware-core/python/mcp_server.py', reloading
======================================================================
🚀 Cogniware Core - Super Admin API Server
======================================================================
Features:
  • Complete licensing system
  • Customer & user management
  • Organization management
  • API key management
  • Usage tracking & analytics
  • System service control
  • Audit logging

Default Super Admin:
  Username: superadmin
  Password: Cogniware@2025
  ⚠️  CHANGE THIS PASSWORD IMMEDIATELY!

Starting server on http://0.0.0.0:8099
======================================================================
 * Restarting with stat
 * Debugger is active!
 * Debugger PIN: 132-935-511
 * Detected change in '/home/deadbrainviv/Documents/GitHub/cogniware-core/python/mcp_server.py', reloading
======================================================================
🚀 Cogniware Core - Super Admin API Server
======================================================================
Features:
  • Complete licensing system
  • Customer & user management
  • Organization management
  • API key management
  • Usage tracking & analytics
  • System service control
  • Audit logging

Default Super Admin:
  Username: superadmin
  Password: Cogniware@2025
  ⚠️  CHANGE THIS PASSWORD IMMEDIATELY!

Starting server on http://0.0.0.0:8099
======================================================================
 * Restarting with stat
 * Debugger is active!
 * Debugger PIN: 132-935-511
 * Detected change in '/home/deadbrainviv/Documents/GitHub/cogniware-core/python/mcp_server.py', reloading
======================================================================
🚀 Cogniware Core - Super Admin API Server
======================================================================
Features:
  • Complete licensing system
  • Customer & user management
  • Organization management
  • API key management
  • Usage tracking & analytics
  • System service control
  • Audit logging

Default Super Admin:
  Username: superadmin
  Password: Cogniware@2025
  ⚠️  CHANGE THIS PASSWORD IMMEDIATELY!

Starting server on http://0.0.0.0:8099
======================================================================
 * Restarting with stat
 * Debugger is active!
 * Debugger PIN: 132-935-511
127.0.0.1 - - [21/Oct/2025 18:10:20] "[33mOPTIONS /auth/verify HTTP/1.1[0m" 404 -
 * Detected change in '/home/deadbrainviv/Documents/GitHub/cogniware-core/python/mcp_server.py', reloading
======================================================================
🚀 Cogniware Core - Super Admin API Server
======================================================================
Features:
  • Complete licensing system
  • Customer & user management
  • Organization management
  • API key management
  • Usage tracking & analytics
  • System service control
  • Audit logging

Default Super Admin:
  Username: superadmin
  Password: Cogniware@2025
  ⚠️  CHANGE THIS PASSWORD IMMEDIATELY!

Starting server on http://0.0.0.0:8099
======================================================================
 * Restarting with stat
 * Debugger is active!
 * Debugger PIN: 132-935-511
127.0.0.1 - - [21/Oct/2025 18:10:28] "[33mOPTIONS /auth/verify HTTP/1.1[0m" 404 -
127.0.0.1 - - [21/Oct/2025 18:10:37] "[33mOPTIONS /auth/verify HTTP/1.1[0m" 404 -
 * Detected change in '/home/deadbrainviv/Documents/GitHub/cogniware-core/python/mcp_server.py', reloading
======================================================================
🚀 Cogniware Core - Super Admin API Server
======================================================================
Features:
  • Complete licensing system
  • Customer & user management
  • Organization management
  • API key management
  • Usage tracking & analytics
  • System service control
  • Audit logging

Default Super Admin:
  Username: superadmin
  Password: Cogniware@2025
  ⚠️  CHANGE THIS PASSWORD IMMEDIATELY!

Starting server on http://0.0.0.0:8099
======================================================================
 * Restarting with stat
 * Debugger is active!
 * Debugger PIN: 132-935-511
127.0.0.1 - - [21/Oct/2025 18:10:52] "OPTIONS /auth/login HTTP/1.1" 200 -
127.0.0.1 - - [21/Oct/2025 18:10:52] "POST /auth/login HTTP/1.1" 200 -
127.0.0.1 - - [21/Oct/2025 18:10:57] "[33mOPTIONS /auth/verify HTTP/1.1[0m" 404 -
 * Detected change in '/home/deadbrainviv/Documents/GitHub/cogniware-core/python/mcp_server.py', reloading
======================================================================
🚀 Cogniware Core - Super Admin API Server
======================================================================
Features:
  • Complete licensing system
  • Customer & user management
  • Organization management
  • API key management
  • Usage tracking & analytics
  • System service control
  • Audit logging

Default Super Admin:
  Username: superadmin
  Password: Cogniware@2025
  ⚠️  CHANGE THIS PASSWORD IMMEDIATELY!

Starting server on http://0.0.0.0:8099
======================================================================
 * Restarting with stat
 * Debugger is active!
 * Debugger PIN: 132-935-511
 * Detected change in '/home/deadbrainviv/Documents/GitHub/cogniware-core/python/mcp_server.py', reloading
======================================================================
🚀 Cogniware Core - Super Admin API Server
======================================================================
Features:
  • Complete licensing system
  • Customer & user management
  • Organization management
  • API key management
  • Usage tracking & analytics
  • System service control
  • Audit logging

Default Super Admin:
  Username: superadmin
  Password: Cogniware@2025
  ⚠️  CHANGE THIS PASSWORD IMMEDIATELY!

Starting server on http://0.0.0.0:8099
======================================================================
 * Restarting with stat
 * Debugger is active!
 * Debugger PIN: 132-935-511
127.0.0.1 - - [21/Oct/2025 18:19:26] "[33mOPTIONS /auth/verify HTTP/1.1[0m" 404 -
