============================================================
🚀 Cogniware Core - Business Use Case API Server
============================================================
Business Features:
  • Database Q&A - Natural language queries
  • Code Generation - Create projects and files
  • Document Processing - Analyze and search docs
  • Data Integration - ETL operations
  • Workflow Automation - Multi-step processes

Starting server on http://0.0.0.0:8095
============================================================
 * Serving Flask app 'api_server_business'
 * Debug mode: on
[31m[1mWARNING: This is a development server. Do not use it in a production deployment. Use a production WSGI server instead.[0m
 * Running on all addresses (0.0.0.0)
 * Running on http://127.0.0.1:8095
 * Running on http://192.168.1.37:8095
[33mPress CTRL+C to quit[0m
 * Restarting with stat
 * Debugger is active!
 * Debugger PIN: 132-935-511
127.0.0.1 - - [21/Oct/2025 17:25:55] "GET /health HTTP/1.1" 200 -
 * Detected change in '/home/deadbrainviv/Documents/GitHub/cogniware-core/python/database_connector.py', reloading
============================================================
🚀 Cogniware Core - Business Use Case API Server
============================================================
Business Features:
  • Database Q&A - Natural language queries
  • Code Generation - Create projects and files
  • Document Processing - Analyze and search docs
  • Data Integration - ETL operations
  • Workflow Automation - Multi-step processes

Starting server on http://0.0.0.0:8095
============================================================
 * Restarting with stat
 * Debugger is active!
 * Debugger PIN: 132-935-511
 * Detected change in '/home/deadbrainviv/Documents/GitHub/cogniware-core/python/mcp_server.py', reloading
============================================================
🚀 Cogniware Core - Business Use Case API Server
============================================================
Business Features:
  • Database Q&A - Natural language queries
  • Code Generation - Create projects and files
  • Document Processing - Analyze and search docs
  • Data Integration - ETL operations
  • Workflow Automation - Multi-step processes

Starting server on http://0.0.0.0:8095
============================================================
 * Restarting with stat
 * Debugger is active!
 * Debugger PIN: 132-935-511
 * Detected change in '/home/deadbrainviv/Documents/GitHub/cogniware-core/python/mcp_server.py', reloading
============================================================
🚀 Cogniware Core - Business Use Case API Server
============================================================
Business Features:
  • Database Q&A - Natural language queries
  • Code Generation - Create projects and files
  • Document Processing - Analyze and search docs
  • Data Integration - ETL operations
  • Workflow Automation - Multi-step processes

Starting server on http://0.0.0.0:8095
============================================================
 * Restarting with stat
 * Debugger is active!
 * Debugger PIN: 132-935-511
 * Detected change in '/home/deadbrainviv/Documents/GitHub/cogniware-core/python/mcp_server.py', reloading
============================================================
🚀 Cogniware Core - Business Use Case API Server
============================================================
Business Features:
  • Database Q&A - Natural language queries
  • Code Generation - Create projects and files
  • Document Processing - Analyze and search docs
  • Data Integration - ETL operations
  • Workflow Automation - Multi-step processes

Starting server on http://0.0.0.0:8095
============================================================
 * Restarting with stat
 * Debugger is active!
 * Debugger PIN: 132-935-511
 * Detected change in '/home/deadbrainviv/Documents/GitHub/cogniware-core/python/mcp_server.py', reloading
============================================================
🚀 Cogniware Core - Business Use Case API Server
============================================================
Business Features:
  • Database Q&A - Natural language queries
  • Code Generation - Create projects and files
  • Document Processing - Analyze and search docs
  • Data Integration - ETL operations
  • Workflow Automation - Multi-step processes

Starting server on http://0.0.0.0:8095
============================================================
 * Restarting with stat
 * Debugger is active!
 * Debugger PIN: 132-935-511
 * Detected change in '/home/deadbrainviv/Documents/GitHub/cogniware-core/python/mcp_server.py', reloading
============================================================
🚀 Cogniware Core - Business Use Case API Server
============================================================
Business Features:
  • Database Q&A - Natural language queries
  • Code Generation - Create projects and files
  • Document Processing - Analyze and search docs
  • Data Integration - ETL operations
  • Workflow Automation - Multi-step processes

Starting server on http://0.0.0.0:8095
============================================================
 * Restarting with stat
 * Debugger is active!
 * Debugger PIN: 132-935-511
 * Detected change in '/home/deadbrainviv/Documents/GitHub/cogniware-core/python/mcp_server.py', reloading
============================================================
🚀 Cogniware Core - Business Use Case API Server
============================================================
Business Features:
  • Database Q&A - Natural language queries
  • Code Generation - Create projects and files
  • Document Processing - Analyze and search docs
  • Data Integration - ETL operations
  • Workflow Automation - Multi-step processes

Starting server on http://0.0.0.0:8095
============================================================
 * Restarting with stat
 * Debugger is active!
 * Debugger PIN: 132-935-511
 * Detected change in '/home/deadbrainviv/Documents/GitHub/cogniware-core/python/mcp_server.py', reloading
============================================================
🚀 Cogniware Core - Business Use Case API Server
============================================================
Business Features:
  • Database Q&A - Natural language queries
  • Code Generation - Create projects and files
  • Document Processing - Analyze and search docs
  • Data Integration - ETL operations
  • Workflow Automation - Multi-step processes

Starting server on http://0.0.0.0:8095
============================================================
 * Restarting with stat
 * Debugger is active!
 * Debugger PIN: 132-935-511
 * Detected change in '/home/deadbrainviv/Documents/GitHub/cogniware-core/python/mcp_server.py', reloading
============================================================
🚀 Cogniware Core - Business Use Case API Server
============================================================
Business Features:
  • Database Q&A - Natural language queries
  • Code Generation - Create projects and files
  • Document Processing - Analyze and search docs
  • Data Integration - ETL operations
  • Workflow Automation - Multi-step processes

Starting server on http://0.0.0.0:8095
============================================================
 * Restarting with stat
 * Debugger is active!
 * Debugger PIN: 132-935-511
 * Detected change in '/home/deadbrainviv/Documents/GitHub/cogniware-core/python/mcp_server.py', reloading
============================================================
🚀 Cogniware Core - Business Use Case API Server
============================================================
Business Features:
  • Database Q&A - Natural language queries
  • Code Generation - Create projects and files
  • Document Processing - Analyze and search docs
  • Data Integration - ETL operations
  • Workflow Automation - Multi-step processes

Starting server on http://0.0.0.0:8095
============================================================
 * Restarting with stat
 * Debugger is active!
 * Debugger PIN: 132-935-511
