======================================================================
🚀 Cogniware Core - Protected Business API Server
======================================================================
Features:
  ✅ License validation on all endpoints
  ✅ Feature-based access control
  ✅ Role-based permissions
  ✅ API usage tracking
  ✅ Online/offline license validation
  ✅ Browser Automation & RPA (NEW!)
  ✅ Chrome automation & screen capture

Available Modules:
  • Database Q&A
  • Code Generation
  • Document Processing
  • Data Integration & ETL
  • Workflow Automation
  • Browser Automation & RPA

Authentication Methods:
  • API Key: X-API-Key: cw_xxxxx
  • JWT Token: Authorization: Bearer <token>

Starting server on http://0.0.0.0:8096
======================================================================
 * Serving Flask app 'api_server_business_protected'
 * Debug mode: on
[31m[1mWARNING: This is a development server. Do not use it in a production deployment. Use a production WSGI server instead.[0m
 * Running on all addresses (0.0.0.0)
 * Running on http://127.0.0.1:8096
 * Running on http://192.168.1.37:8096
[33mPress CTRL+C to quit[0m
 * Restarting with stat
 * Debugger is active!
 * Debugger PIN: 132-935-511
127.0.0.1 - - [21/Oct/2025 17:25:49] "GET /health HTTP/1.1" 200 -
 * Detected change in '/home/deadbrainviv/Documents/GitHub/cogniware-core/python/database_connector.py', reloading
======================================================================
🚀 Cogniware Core - Protected Business API Server
======================================================================
Features:
  ✅ License validation on all endpoints
  ✅ Feature-based access control
  ✅ Role-based permissions
  ✅ API usage tracking
  ✅ Online/offline license validation
  ✅ Browser Automation & RPA (NEW!)
  ✅ Chrome automation & screen capture

Available Modules:
  • Database Q&A
  • Code Generation
  • Document Processing
  • Data Integration & ETL
  • Workflow Automation
  • Browser Automation & RPA

Authentication Methods:
  • API Key: X-API-Key: cw_xxxxx
  • JWT Token: Authorization: Bearer <token>

Starting server on http://0.0.0.0:8096
======================================================================
 * Restarting with stat
 * Debugger is active!
 * Debugger PIN: 132-935-511
 * Detected change in '/home/deadbrainviv/Documents/GitHub/cogniware-core/python/mcp_server.py', reloading
======================================================================
🚀 Cogniware Core - Protected Business API Server
======================================================================
Features:
  ✅ License validation on all endpoints
  ✅ Feature-based access control
  ✅ Role-based permissions
  ✅ API usage tracking
  ✅ Online/offline license validation
  ✅ Browser Automation & RPA (NEW!)
  ✅ Chrome automation & screen capture

Available Modules:
  • Database Q&A
  • Code Generation
  • Document Processing
  • Data Integration & ETL
  • Workflow Automation
  • Browser Automation & RPA

Authentication Methods:
  • API Key: X-API-Key: cw_xxxxx
  • JWT Token: Authorization: Bearer <token>

Starting server on http://0.0.0.0:8096
======================================================================
 * Restarting with stat
 * Debugger is active!
 * Debugger PIN: 132-935-511
 * Detected change in '/home/deadbrainviv/Documents/GitHub/cogniware-core/python/mcp_server.py', reloading
======================================================================
🚀 Cogniware Core - Protected Business API Server
======================================================================
Features:
  ✅ License validation on all endpoints
  ✅ Feature-based access control
  ✅ Role-based permissions
  ✅ API usage tracking
  ✅ Online/offline license validation
  ✅ Browser Automation & RPA (NEW!)
  ✅ Chrome automation & screen capture

Available Modules:
  • Database Q&A
  • Code Generation
  • Document Processing
  • Data Integration & ETL
  • Workflow Automation
  • Browser Automation & RPA

Authentication Methods:
  • API Key: X-API-Key: cw_xxxxx
  • JWT Token: Authorization: Bearer <token>

Starting server on http://0.0.0.0:8096
======================================================================
 * Restarting with stat
 * Debugger is active!
 * Debugger PIN: 132-935-511
 * Detected change in '/home/deadbrainviv/Documents/GitHub/cogniware-core/python/mcp_server.py', reloading
======================================================================
🚀 Cogniware Core - Protected Business API Server
======================================================================
Features:
  ✅ License validation on all endpoints
  ✅ Feature-based access control
  ✅ Role-based permissions
  ✅ API usage tracking
  ✅ Online/offline license validation
  ✅ Browser Automation & RPA (NEW!)
  ✅ Chrome automation & screen capture

Available Modules:
  • Database Q&A
  • Code Generation
  • Document Processing
  • Data Integration & ETL
  • Workflow Automation
  • Browser Automation & RPA

Authentication Methods:
  • API Key: X-API-Key: cw_xxxxx
  • JWT Token: Authorization: Bearer <token>

Starting server on http://0.0.0.0:8096
======================================================================
 * Restarting with stat
 * Debugger is active!
 * Debugger PIN: 132-935-511
 * Detected change in '/home/deadbrainviv/Documents/GitHub/cogniware-core/python/mcp_server.py', reloading
======================================================================
🚀 Cogniware Core - Protected Business API Server
======================================================================
Features:
  ✅ License validation on all endpoints
  ✅ Feature-based access control
  ✅ Role-based permissions
  ✅ API usage tracking
  ✅ Online/offline license validation
  ✅ Browser Automation & RPA (NEW!)
  ✅ Chrome automation & screen capture

Available Modules:
  • Database Q&A
  • Code Generation
  • Document Processing
  • Data Integration & ETL
  • Workflow Automation
  • Browser Automation & RPA

Authentication Methods:
  • API Key: X-API-Key: cw_xxxxx
  • JWT Token: Authorization: Bearer <token>

Starting server on http://0.0.0.0:8096
======================================================================
 * Restarting with stat
 * Debugger is active!
 * Debugger PIN: 132-935-511
 * Detected change in '/home/deadbrainviv/Documents/GitHub/cogniware-core/python/mcp_server.py', reloading
======================================================================
🚀 Cogniware Core - Protected Business API Server
======================================================================
Features:
  ✅ License validation on all endpoints
  ✅ Feature-based access control
  ✅ Role-based permissions
  ✅ API usage tracking
  ✅ Online/offline license validation
  ✅ Browser Automation & RPA (NEW!)
  ✅ Chrome automation & screen capture

Available Modules:
  • Database Q&A
  • Code Generation
  • Document Processing
  • Data Integration & ETL
  • Workflow Automation
  • Browser Automation & RPA

Authentication Methods:
  • API Key: X-API-Key: cw_xxxxx
  • JWT Token: Authorization: Bearer <token>

Starting server on http://0.0.0.0:8096
======================================================================
 * Restarting with stat
 * Debugger is active!
 * Debugger PIN: 132-935-511
 * Detected change in '/home/deadbrainviv/Documents/GitHub/cogniware-core/python/mcp_server.py', reloading
======================================================================
🚀 Cogniware Core - Protected Business API Server
======================================================================
Features:
  ✅ License validation on all endpoints
  ✅ Feature-based access control
  ✅ Role-based permissions
  ✅ API usage tracking
  ✅ Online/offline license validation
  ✅ Browser Automation & RPA (NEW!)
  ✅ Chrome automation & screen capture

Available Modules:
  • Database Q&A
  • Code Generation
  • Document Processing
  • Data Integration & ETL
  • Workflow Automation
  • Browser Automation & RPA

Authentication Methods:
  • API Key: X-API-Key: cw_xxxxx
  • JWT Token: Authorization: Bearer <token>

Starting server on http://0.0.0.0:8096
======================================================================
 * Restarting with stat
 * Debugger is active!
 * Debugger PIN: 132-935-511
 * Detected change in '/home/deadbrainviv/Documents/GitHub/cogniware-core/python/mcp_server.py', reloading
======================================================================
🚀 Cogniware Core - Protected Business API Server
======================================================================
Features:
  ✅ License validation on all endpoints
  ✅ Feature-based access control
  ✅ Role-based permissions
  ✅ API usage tracking
  ✅ Online/offline license validation
  ✅ Browser Automation & RPA (NEW!)
  ✅ Chrome automation & screen capture

Available Modules:
  • Database Q&A
  • Code Generation
  • Document Processing
  • Data Integration & ETL
  • Workflow Automation
  • Browser Automation & RPA

Authentication Methods:
  • API Key: X-API-Key: cw_xxxxx
  • JWT Token: Authorization: Bearer <token>

Starting server on http://0.0.0.0:8096
======================================================================
 * Restarting with stat
 * Debugger is active!
 * Debugger PIN: 132-935-511
 * Detected change in '/home/deadbrainviv/Documents/GitHub/cogniware-core/python/mcp_server.py', reloading
======================================================================
🚀 Cogniware Core - Protected Business API Server
======================================================================
Features:
  ✅ License validation on all endpoints
  ✅ Feature-based access control
  ✅ Role-based permissions
  ✅ API usage tracking
  ✅ Online/offline license validation
  ✅ Browser Automation & RPA (NEW!)
  ✅ Chrome automation & screen capture

Available Modules:
  • Database Q&A
  • Code Generation
  • Document Processing
  • Data Integration & ETL
  • Workflow Automation
  • Browser Automation & RPA

Authentication Methods:
  • API Key: X-API-Key: cw_xxxxx
  • JWT Token: Authorization: Bearer <token>

Starting server on http://0.0.0.0:8096
======================================================================
 * Restarting with stat
 * Debugger is active!
 * Debugger PIN: 132-935-511
 * Detected change in '/home/deadbrainviv/Documents/GitHub/cogniware-core/python/mcp_server.py', reloading
======================================================================
🚀 Cogniware Core - Protected Business API Server
======================================================================
Features:
  ✅ License validation on all endpoints
  ✅ Feature-based access control
  ✅ Role-based permissions
  ✅ API usage tracking
  ✅ Online/offline license validation
  ✅ Browser Automation & RPA (NEW!)
  ✅ Chrome automation & screen capture

Available Modules:
  • Database Q&A
  • Code Generation
  • Document Processing
  • Data Integration & ETL
  • Workflow Automation
  • Browser Automation & RPA

Authentication Methods:
  • API Key: X-API-Key: cw_xxxxx
  • JWT Token: Authorization: Bearer <token>

Starting server on http://0.0.0.0:8096
======================================================================
 * Restarting with stat
 * Debugger is active!
 * Debugger PIN: 132-935-511
