✅ Super Admin Created!
   Username: superadmin
   Password: Cogniware@2025
   ⚠️  CHANGE THIS PASSWORD IMMEDIATELY!
======================================================================
🚀 Cogniware Core - Super Admin API Server
======================================================================
Features:
  • Complete licensing system
  • Customer & user management
  • Organization management
  • API key management
  • Usage tracking & analytics
  • System service control
  • Audit logging

Default Super Admin:
  Username: superadmin
  Password: Cogniware@2025
  ⚠️  CHANGE THIS PASSWORD IMMEDIATELY!

Starting server on http://0.0.0.0:8099
======================================================================
 * Serving Flask app 'api_server_admin'
 * Debug mode: on
[31m[1mWARNING: This is a development server. Do not use it in a production deployment. Use a production WSGI server instead.[0m
 * Running on all addresses (0.0.0.0)
 * Running on http://127.0.0.1:8099
 * Running on http://192.168.1.37:8099
[33mPress CTRL+C to quit[0m
 * Restarting with stat
 * Debugger is active!
 * Debugger PIN: 132-935-511
 * Detected change in '/home/deadbrainviv/Documents/GitHub/cogniware-core/python/auth_middleware.py', reloading
======================================================================
🚀 Cogniware Core - Super Admin API Server
======================================================================
Features:
  • Complete licensing system
  • Customer & user management
  • Organization management
  • API key management
  • Usage tracking & analytics
  • System service control
  • Audit logging

Default Super Admin:
  Username: superadmin
  Password: Cogniware@2025
  ⚠️  CHANGE THIS PASSWORD IMMEDIATELY!

Starting server on http://0.0.0.0:8099
======================================================================
 * Restarting with stat
 * Debugger is active!
 * Debugger PIN: 132-935-511
